<?xml version="1.0" encoding="UTF-8"?>
<!-- Generated by org.testng.reporters.JUnitXMLReporter -->
<testsuite ignored="1" hostname="Yuvrajs-MacBook-Pro.local" failures="0" tests="1" name="HomePageTests" time="9.446" errors="0" timestamp="2023-05-08T17:20:09 IST">
  <testcase classname="com.playwright.base.WebBaseTest" name="@BeforeMethod setup" time="4.266">
    <failure type="com.microsoft.playwright.PlaywrightException" message="Error {
  message=&amp;apos;url: expected string, got undefined
  name=&amp;apos;Error
  stack=&amp;apos;Error: url: expected string, got undefined
    at tString (/private/var/folders/qy/7xg0d6jj35z3w9txjjb08l0m0000gn/T/playwright-java-2801971927318755873/package/lib/protocol/validatorPrimitives.js:59:9)
    at /private/var/folders/qy/7xg0d6jj35z3w9txjjb08l0m0000gn/T/playwright-java-2801971927318755873/package/lib/protocol/validatorPrimitives.js:108:21
    at DispatcherConnection.dispatch (/private/var/folders/qy/7xg0d6jj35z3w9txjjb08l0m0000gn/T/playwright-java-2801971927318755873/package/lib/server/dispatchers/dispatcher.js:238:21)
    at PipeTransport.transport.onmessage (/private/var/folders/qy/7xg0d6jj35z3w9txjjb08l0m0000gn/T/playwright-java-2801971927318755873/package/lib/cli/driver.js:50:57)
    at Immediate._onImmediate (/private/var/folders/qy/7xg0d6jj35z3w9txjjb08l0m0000gn/T/playwright-java-2801971927318755873/package/lib/protocol/transport.js:77:34)
    at processImmediate (node:internal/timers:466:21)
}">
      <![CDATA[com.microsoft.playwright.PlaywrightException: Error {
  message='url: expected string, got undefined
  name='Error
  stack='Error: url: expected string, got undefined
    at tString (/private/var/folders/qy/7xg0d6jj35z3w9txjjb08l0m0000gn/T/playwright-java-2801971927318755873/package/lib/protocol/validatorPrimitives.js:59:9)
    at /private/var/folders/qy/7xg0d6jj35z3w9txjjb08l0m0000gn/T/playwright-java-2801971927318755873/package/lib/protocol/validatorPrimitives.js:108:21
    at DispatcherConnection.dispatch (/private/var/folders/qy/7xg0d6jj35z3w9txjjb08l0m0000gn/T/playwright-java-2801971927318755873/package/lib/server/dispatchers/dispatcher.js:238:21)
    at PipeTransport.transport.onmessage (/private/var/folders/qy/7xg0d6jj35z3w9txjjb08l0m0000gn/T/playwright-java-2801971927318755873/package/lib/cli/driver.js:50:57)
    at Immediate._onImmediate (/private/var/folders/qy/7xg0d6jj35z3w9txjjb08l0m0000gn/T/playwright-java-2801971927318755873/package/lib/protocol/transport.js:77:34)
    at processImmediate (node:internal/timers:466:21)
}
at com.microsoft.playwright.impl.WaitableResult.get(WaitableResult.java:54)
at com.microsoft.playwright.impl.ChannelOwner.runUntil(ChannelOwner.java:111)
at com.microsoft.playwright.impl.Connection.sendMessage(Connection.java:119)
at com.microsoft.playwright.impl.ChannelOwner.sendMessage(ChannelOwner.java:102)
at com.microsoft.playwright.impl.FrameImpl.navigateImpl(FrameImpl.java:462)
at com.microsoft.playwright.impl.PageImpl.lambda$navigate$44(PageImpl.java:845)
at com.microsoft.playwright.impl.LoggingSupport.withLogging(LoggingSupport.java:47)
at com.microsoft.playwright.impl.ChannelOwner.withLogging(ChannelOwner.java:87)
at com.microsoft.playwright.impl.PageImpl.navigate(PageImpl.java:845)
at com.microsoft.playwright.impl.PageImpl.navigate(PageImpl.java:41)
at com.microsoft.playwright.Page.navigate(Page.java:4863)
at com.playwright.base.WebBaseTest.setup(WebBaseTest.java:64)
at java.base/java.util.ArrayList.forEach(ArrayList.java:1541)
Caused by: com.microsoft.playwright.impl.DriverException: Error {
  message='url: expected string, got undefined
  name='Error
  stack='Error: url: expected string, got undefined
    at tString (/private/var/folders/qy/7xg0d6jj35z3w9txjjb08l0m0000gn/T/playwright-java-2801971927318755873/package/lib/protocol/validatorPrimitives.js:59:9)
    at /private/var/folders/qy/7xg0d6jj35z3w9txjjb08l0m0000gn/T/playwright-java-2801971927318755873/package/lib/protocol/validatorPrimitives.js:108:21
    at DispatcherConnection.dispatch (/private/var/folders/qy/7xg0d6jj35z3w9txjjb08l0m0000gn/T/playwright-java-2801971927318755873/package/lib/server/dispatchers/dispatcher.js:238:21)
    at PipeTransport.transport.onmessage (/private/var/folders/qy/7xg0d6jj35z3w9txjjb08l0m0000gn/T/playwright-java-2801971927318755873/package/lib/cli/driver.js:50:57)
    at Immediate._onImmediate (/private/var/folders/qy/7xg0d6jj35z3w9txjjb08l0m0000gn/T/playwright-java-2801971927318755873/package/lib/protocol/transport.js:77:34)
    at processImmediate (node:internal/timers:466:21)
}
at com.microsoft.playwright.impl.Connection.dispatch(Connection.java:201)
at com.microsoft.playwright.impl.Connection.processOneMessage(Connection.java:181)
at com.microsoft.playwright.impl.ChannelOwner.runUntil(ChannelOwner.java:109)
... 42 more
... Removed 31 stack frames]]>
    </failure>
  </testcase> <!-- @BeforeMethod setup -->
  <testcase classname="com.playwright.base.WebBaseTest" name="@AfterMethod tearDown" time="0.001">
    <failure type="java.lang.NullPointerException">
      <![CDATA[java.lang.NullPointerException
at com.playwright.base.WebBaseTest.tearDown(WebBaseTest.java:70)
at java.base/java.util.ArrayList.forEach(ArrayList.java:1541)
... Removed 32 stack frames]]>
    </failure>
  </testcase> <!-- @AfterMethod tearDown -->
  <testcase classname="tests.loginPage.LoginPageTests" name="VerifyLoginPageHeadingText" time="0.0">
    <skipped/>
  </testcase> <!-- VerifyLoginPageHeadingText -->
  <testcase classname="tests.loginPage.LoginPageTests" name="VerifyLogin" time="0.0">
    <ignored/>
  </testcase> <!-- VerifyLogin -->
</testsuite> <!-- HomePageTests -->
